Traceback (most recent call last):
  File "E:\Hospital_ project\venv\Lib\site-packages\django\db\backends\utils.py", line 89, in _execute
    return self.cursor.execute(sql, params)
           ^^^^^^^^^^^^^^^^^^^^^^^^^^^^^^^^
psycopg2.errors.UndefinedColumn: column diet_dietplan.health_profile_id does not exist
LINE 1: ...iet_dietplan"."id", "diet_dietplan"."patient_id", "diet_diet...
                                                             ^


The above exception was the direct cause of the following exception:

Traceback (most recent call last):
  File "<string>", line 13, in <module>
  File "E:\Hospital_ project\venv\Lib\site-packages\django\test\client.py", line 927, in get
    response = super().get(path, data=data, secure=secure, headers=headers, **extra)
               ^^^^^^^^^^^^^^^^^^^^^^^^^^^^^^^^^^^^^^^^^^^^^^^^^^^^^^^^^^^^^^^^^^^^^
  File "E:\Hospital_ project\venv\Lib\site-packages\django\test\client.py", line 457, in get
    return self.generic(
           ^^^^^^^^^^^^^
  File "E:\Hospital_ project\venv\Lib\site-packages\django\test\client.py", line 609, in generic
    return self.request(**r)
           ^^^^^^^^^^^^^^^^^
  File "E:\Hospital_ project\venv\Lib\site-packages\django\test\client.py", line 891, in request
    self.check_exception(response)
  File "E:\Hospital_ project\venv\Lib\site-packages\django\test\client.py", line 738, in check_exception
    raise exc_value
  File "E:\Hospital_ project\venv\Lib\site-packages\django\core\handlers\exception.py", line 55, in inner
    response = get_response(request)
               ^^^^^^^^^^^^^^^^^^^^^
  File "E:\Hospital_ project\venv\Lib\site-packages\django\core\handlers\base.py", line 197, in _get_response
    response = wrapped_callback(request, *callback_args, **callback_kwargs)
               ^^^^^^^^^^^^^^^^^^^^^^^^^^^^^^^^^^^^^^^^^^^^^^^^^^^^^^^^^^^^
  File "E:\Hospital_ project\hospital_system\home\views.py", line 108, in patient_dashboard
    diet_plan = DietPlan.objects.get(patient=patient)
                ^^^^^^^^^^^^^^^^^^^^^^^^^^^^^^^^^^^^^
  File "E:\Hospital_ project\venv\Lib\site-packages\django\db\models\manager.py", line 87, in manager_method
    return getattr(self.get_queryset(), name)(*args, **kwargs)
           ^^^^^^^^^^^^^^^^^^^^^^^^^^^^^^^^^^^^^^^^^^^^^^^^^^^
  File "E:\Hospital_ project\venv\Lib\site-packages\django\db\models\query.py", line 633, in get
    num = len(clone)
          ^^^^^^^^^^
  File "E:\Hospital_ project\venv\Lib\site-packages\django\db\models\query.py", line 380, in __len__
    self._fetch_all()
  File "E:\Hospital_ project\venv\Lib\site-packages\django\db\models\query.py", line 1881, in _fetch_all
    self._result_cache = list(self._iterable_class(self))
                         ^^^^^^^^^^^^^^^^^^^^^^^^^^^^^^^^
  File "E:\Hospital_ project\venv\Lib\site-packages\django\db\models\query.py", line 91, in __iter__
    results = compiler.execute_sql(
              ^^^^^^^^^^^^^^^^^^^^^
  File "E:\Hospital_ project\venv\Lib\site-packages\django\db\models\sql\compiler.py", line 1560, in execute_sql
    cursor.execute(sql, params)
  File "E:\Hospital_ project\venv\Lib\site-packages\django\db\backends\utils.py", line 102, in execute
    return super().execute(sql, params)
           ^^^^^^^^^^^^^^^^^^^^^^^^^^^^
  File "E:\Hospital_ project\venv\Lib\site-packages\django\db\backends\utils.py", line 67, in execute
    return self._execute_with_wrappers(
           ^^^^^^^^^^^^^^^^^^^^^^^^^^^^
  File "E:\Hospital_ project\venv\Lib\site-packages\django\db\backends\utils.py", line 80, in _execute_with_wrappers
    return executor(sql, params, many, context)
           ^^^^^^^^^^^^^^^^^^^^^^^^^^^^^^^^^^^^
  File "E:\Hospital_ project\venv\Lib\site-packages\django\db\backends\utils.py", line 84, in _execute
    with self.db.wrap_database_errors:
  File "E:\Hospital_ project\venv\Lib\site-packages\django\db\utils.py", line 91, in __exit__
    raise dj_exc_value.with_traceback(traceback) from exc_value
  File "E:\Hospital_ project\venv\Lib\site-packages\django\db\backends\utils.py", line 89, in _execute
    return self.cursor.execute(sql, params)
           ^^^^^^^^^^^^^^^^^^^^^^^^^^^^^^^^
django.db.utils.ProgrammingError: column diet_dietplan.health_profile_id does not exist
LINE 1: ...iet_dietplan"."id", "diet_dietplan"."patient_id", "diet_diet...
                                                             ^

